This is pdfTeX, Version 3.1415926-1.40.10 (MiKTeX 2.8) (preloaded format=latex 2010.7.27)  27 JUL 2010 06:02
entering extended mode
**Specification.tex

("E:\Personal\Game development\Tetris\Documentation\Specification\Specification
.tex"
LaTeX2e <2009/09/24>
Babel <v3.8l> and hyphenation patterns for english, dumylang, nohyphenation, ge
rman, ngerman, german-x-2009-06-19, ngerman-x-2009-06-19, french, loaded.
("E:\Program Files (x86)\MiKTeX 2.8\tex\latex\base\report.cls"
Document Class: report 2007/10/19 v1.4h Standard LaTeX document class
("E:\Program Files (x86)\MiKTeX 2.8\tex\latex\base\size10.clo"
File: size10.clo 2007/10/19 v1.4h Standard LaTeX file (size option)
)
\c@part=\count79
\c@chapter=\count80
\c@section=\count81
\c@subsection=\count82
\c@subsubsection=\count83
\c@paragraph=\count84
\c@subparagraph=\count85
\c@figure=\count86
\c@table=\count87
\abovecaptionskip=\skip41
\belowcaptionskip=\skip42
\bibindent=\dimen102
)
("E:\Program Files (x86)\MiKTeX 2.8\tex\generic\babel\babel.sty"
Package: babel 2008/07/06 v3.8l The Babel package

*************************************
* Local config file bblopts.cfg used
*
("E:\Program Files (x86)\MiKTeX 2.8\tex\latex\00miktex\bblopts.cfg"
File: bblopts.cfg 2006/07/31 v1.0 MiKTeX 'babel' configuration
)
("E:\Program Files (x86)\MiKTeX 2.8\tex\generic\babel\english.ldf"
Language: english 2005/03/30 v3.3o English support from the babel system

("E:\Program Files (x86)\MiKTeX 2.8\tex\generic\babel\babel.def"
File: babel.def 2008/07/06 v3.8l Babel common definitions
\babel@savecnt=\count88
\U@D=\dimen103
)
\l@canadian = a dialect from \language\l@american 
\l@australian = a dialect from \language\l@british 
\l@newzealand = a dialect from \language\l@british 
))
("E:\Program Files (x86)\MiKTeX 2.8\tex\latex\ams\math\amsmath.sty"
Package: amsmath 2000/07/18 v2.13 AMS math features
\@mathmargin=\skip43

For additional information on amsmath, use the `?' option.
("E:\Program Files (x86)\MiKTeX 2.8\tex\latex\ams\math\amstext.sty"
Package: amstext 2000/06/29 v2.01

("E:\Program Files (x86)\MiKTeX 2.8\tex\latex\ams\math\amsgen.sty"
File: amsgen.sty 1999/11/30 v2.0
\@emptytoks=\toks14
\ex@=\dimen104
))
("E:\Program Files (x86)\MiKTeX 2.8\tex\latex\ams\math\amsbsy.sty"
Package: amsbsy 1999/11/29 v1.2d
\pmbraise@=\dimen105
)
("E:\Program Files (x86)\MiKTeX 2.8\tex\latex\ams\math\amsopn.sty"
Package: amsopn 1999/12/14 v2.01 operator names
)
\inf@bad=\count89
LaTeX Info: Redefining \frac on input line 211.
\uproot@=\count90
\leftroot@=\count91
LaTeX Info: Redefining \overline on input line 307.
\classnum@=\count92
\DOTSCASE@=\count93
LaTeX Info: Redefining \ldots on input line 379.
LaTeX Info: Redefining \dots on input line 382.
LaTeX Info: Redefining \cdots on input line 467.
\Mathstrutbox@=\box26
\strutbox@=\box27
\big@size=\dimen106
LaTeX Font Info:    Redeclaring font encoding OML on input line 567.
LaTeX Font Info:    Redeclaring font encoding OMS on input line 568.
\macc@depth=\count94
\c@MaxMatrixCols=\count95
\dotsspace@=\muskip10
\c@parentequation=\count96
\dspbrk@lvl=\count97
\tag@help=\toks15
\row@=\count98
\column@=\count99
\maxfields@=\count100
\andhelp@=\toks16
\eqnshift@=\dimen107
\alignsep@=\dimen108
\tagshift@=\dimen109
\tagwidth@=\dimen110
\totwidth@=\dimen111
\lineht@=\dimen112
\@envbody=\toks17
\multlinegap=\skip44
\multlinetaggap=\skip45
\mathdisplay@stack=\toks18
LaTeX Info: Redefining \[ on input line 2666.
LaTeX Info: Redefining \] on input line 2667.
)
("E:\Program Files (x86)\MiKTeX 2.8\tex\latex\ams\classes\amsthm.sty"
Package: amsthm 2004/08/06 v2.20
\thm@style=\toks19
\thm@bodyfont=\toks20
\thm@headfont=\toks21
\thm@notefont=\toks22
\thm@headpunct=\toks23
\thm@preskip=\skip46
\thm@postskip=\skip47
\thm@headsep=\skip48
\dth@everypar=\toks24
)
("E:\Program Files (x86)\MiKTeX 2.8\tex\latex\amsfonts\amsfonts.sty"
Package: amsfonts 2009/06/22 v3.00 Basic AMSFonts support
\symAMSa=\mathgroup4
\symAMSb=\mathgroup5
LaTeX Font Info:    Overwriting math alphabet `\mathfrak' in version `bold'
(Font)                  U/euf/m/n --> U/euf/b/n on input line 96.
)
("E:\Program Files (x86)\MiKTeX 2.8\tex\latex\graphics\graphicx.sty"
Package: graphicx 1999/02/16 v1.0f Enhanced LaTeX Graphics (DPC,SPQR)

("E:\Program Files (x86)\MiKTeX 2.8\tex\latex\graphics\keyval.sty"
Package: keyval 1999/03/16 v1.13 key=value parser (DPC)
\KV@toks@=\toks25
)
("E:\Program Files (x86)\MiKTeX 2.8\tex\latex\graphics\graphics.sty"
Package: graphics 2009/02/05 v1.0o Standard LaTeX Graphics (DPC,SPQR)

("E:\Program Files (x86)\MiKTeX 2.8\tex\latex\graphics\trig.sty"
Package: trig 1999/03/16 v1.09 sin cos tan (DPC)
)
("E:\Program Files (x86)\MiKTeX 2.8\tex\latex\00miktex\graphics.cfg"
File: graphics.cfg 2007/01/18 v1.5 graphics configuration of teTeX/TeXLive
)
Package graphics Info: Driver file: dvips.def on input line 91.

("E:\Program Files (x86)\MiKTeX 2.8\tex\latex\graphics\dvips.def"
File: dvips.def 1999/02/16 v3.0i Driver-dependant file (DPC,SPQR)
))
\Gin@req@height=\dimen113
\Gin@req@width=\dimen114
)
("E:\Program Files (x86)\MiKTeX 2.8\tex\latex\psnfss\pifont.sty"
Package: pifont 2005/04/12 PSNFSS-v9.2a Pi font support (SPQR) 
LaTeX Font Info:    Try loading font information for U+pzd on input line 63.

("E:\Program Files (x86)\MiKTeX 2.8\tex\latex\psnfss\upzd.fd"
File: upzd.fd 2001/06/04 font definitions for U/pzd.
)
LaTeX Font Info:    Try loading font information for U+psy on input line 64.

("E:\Program Files (x86)\MiKTeX 2.8\tex\latex\psnfss\upsy.fd"
File: upsy.fd 2001/06/04 font definitions for U/psy.
))
\c@thm=\count101

("E:\Personal\Game development\Tetris\Documentation\Specification\Specification
.aux")
LaTeX Font Info:    Checking defaults for OML/cmm/m/it on input line 20.
LaTeX Font Info:    ... okay on input line 20.
LaTeX Font Info:    Checking defaults for T1/cmr/m/n on input line 20.
LaTeX Font Info:    ... okay on input line 20.
LaTeX Font Info:    Checking defaults for OT1/cmr/m/n on input line 20.
LaTeX Font Info:    ... okay on input line 20.
LaTeX Font Info:    Checking defaults for OMS/cmsy/m/n on input line 20.
LaTeX Font Info:    ... okay on input line 20.
LaTeX Font Info:    Checking defaults for OMX/cmex/m/n on input line 20.
LaTeX Font Info:    ... okay on input line 20.
LaTeX Font Info:    Checking defaults for U/cmr/m/n on input line 20.
LaTeX Font Info:    ... okay on input line 20.
LaTeX Font Info:    Try loading font information for U+msa on input line 26.
 ("E:\Program Files (x86)\MiKTeX 2.8\tex\latex\amsfonts\umsa.fd"
File: umsa.fd 2009/06/22 v3.00 AMS symbols A
)
LaTeX Font Info:    Try loading font information for U+msb on input line 26.

("E:\Program Files (x86)\MiKTeX 2.8\tex\latex\amsfonts\umsb.fd"
File: umsb.fd 2009/06/22 v3.00 AMS symbols B
) [1

]
("E:\Personal\Game development\Tetris\Documentation\Specification\Specification
.toc" [1

])
\tf@toc=\write3
 [2]
("E:\Personal\Game development\Tetris\Documentation\Specification\Specification
.lof")
\tf@lof=\write4
 [3

]
Chapter 1.
LaTeX Font Info:    Try loading font information for OMS+cmr on input line 36.
("E:\Program Files (x86)\MiKTeX 2.8\tex\latex\base\omscmr.fd"
File: omscmr.fd 1999/05/25 v2.5h Standard LaTeX font definitions
)
LaTeX Font Info:    Font shape `OMS/cmr/m/n' in size <10> not available
(Font)              Font shape `OMS/cmsy/m/n' tried instead on input line 36.
 [4

] [5]
Chapter 2.
[6

]

! LaTeX Error: File `mainScreen' not found.

See the LaTeX manual or LaTeX Companion for explanation.
Type  H <return>  for immediate help.
 ...                                              
                                                  
l.127 ...graphics[width=0.5\textwidth]{mainScreen}
                                                  
I could not locate the file with any of these extensions:
.eps,.ps,.eps.gz,.ps.gz,.eps.Z
Try typing  <return>  to proceed.
If that doesn't work, type  X <return>  to quit.

[7]

! LaTeX Error: File `cell' not found.

See the LaTeX manual or LaTeX Companion for explanation.
Type  H <return>  for immediate help.
 ...                                              
                                                  
l.137 ...ncludegraphics[width=0.1\textwidth]{cell}
                                                  
I could not locate the file with any of these extensions:
.eps,.ps,.eps.gz,.ps.gz,.eps.Z
Try typing  <return>  to proceed.
If that doesn't work, type  X <return>  to quit.


! LaTeX Error: File `tetrominoes' not found.

See the LaTeX manual or LaTeX Companion for explanation.
Type  H <return>  for immediate help.
 ...                                              
                                                  
l.148 ...raphics[width=0.3\textwidth]{tetrominoes}
                                                  
I could not locate the file with any of these extensions:
.eps,.ps,.eps.gz,.ps.gz,.eps.Z
Try typing  <return>  to proceed.
If that doesn't work, type  X <return>  to quit.

[8]
Chapter 3.

! LaTeX Error: File `hardDrop' not found.

See the LaTeX manual or LaTeX Companion for explanation.
Type  H <return>  for immediate help.
 ...                                              
                                                  
l.172 ...degraphics[width=0.6\textwidth]{hardDrop}
                                                  
I could not locate the file with any of these extensions:
.eps,.ps,.eps.gz,.ps.gz,.eps.Z
Try typing  <return>  to proceed.
If that doesn't work, type  X <return>  to quit.

[9

] [10] [11] [12]
Chapter 4.
[13

]
Chapter 5.

! LaTeX Error: File `animation' not found.

See the LaTeX manual or LaTeX Companion for explanation.
Type  H <return>  for immediate help.
 ...                                              
                                                  
l.255 ...egraphics[width=0.6\textwidth]{animation}
                                                  
I could not locate the file with any of these extensions:
.eps,.ps,.eps.gz,.ps.gz,.eps.Z
Try typing  <return>  to proceed.
If that doesn't work, type  X <return>  to quit.


Overfull \hbox (34.9174pt too wide) in paragraph at lines 261--262
\OT1/cmr/m/n/10 rently falling piece will glide smoothly to the hold-ing area $
[]$.
 []

[14

]

! LaTeX Error: File `holding' not found.

See the LaTeX manual or LaTeX Companion for explanation.
Type  H <return>  for immediate help.
 ...                                              
                                                  
l.267 ...udegraphics[width=0.6\textwidth]{holding}
                                                  
I could not locate the file with any of these extensions:
.eps,.ps,.eps.gz,.ps.gz,.eps.Z
Try typing  <return>  to proceed.
If that doesn't work, type  X <return>  to quit.

[15]
Chapter 6.
[16

]
Chapter 7.
[17

]
Chapter 8.
[18

]
Appendix A.
[19

]
Overfull \hbox (16.11046pt too wide) in paragraph at lines 329--330
[][]\OT1/cmr/bx/n/10 OS\OT1/cmr/m/n/10 : Win-dows 7, Ma-cOS X, Ubuntu (Vmware),
 Fe-dora core 12 (Vmware),
 []

[20] [21

]
("E:\Personal\Game development\Tetris\Documentation\Specification\Specification
.aux")

LaTeX Warning: Label(s) may have changed. Rerun to get cross-references right.

 ) 
Here is how much of TeX's memory you used:
 1759 strings out of 495286
 21907 string characters out of 3179898
 76281 words of memory out of 3000000
 4916 multiletter control sequences out of 15000+200000
 17158 words of font info for 65 fonts, out of 3000000 for 9000
 14 hyphenation exceptions out of 8191
 27i,7n,22p,693b,228s stack positions out of 5000i,500n,10000p,200000b,50000s

Output written on Specification.dvi (22 pages, 51380 bytes).
